{"F:\\Github\\Pokedex-separada-por-modulos\\modules\\api\\api.js": {"path":"F:\\Github\\Pokedex-separada-por-modulos\\modules\\api\\api.js","statementMap":{"0":{"start":{"line":2,"column":2},"end":{"line":8,"column":3}},"1":{"start":{"line":3,"column":25},"end":{"line":3,"column":51}},"2":{"start":{"line":4,"column":31},"end":{"line":4,"column":56}},"3":{"start":{"line":5,"column":4},"end":{"line":5,"column":30}},"4":{"start":{"line":7,"column":4},"end":{"line":7,"column":78}},"5":{"start":{"line":11,"column":16},"end":{"line":11,"column":27}},"6":{"start":{"line":12,"column":2},"end":{"line":14,"column":3}},"7":{"start":{"line":13,"column":4},"end":{"line":13,"column":29}},"8":{"start":{"line":16,"column":28},"end":{"line":16,"column":42}},"9":{"start":{"line":17,"column":23},"end":{"line":17,"column":95}},"10":{"start":{"line":19,"column":2},"end":{"line":25,"column":3}},"11":{"start":{"line":20,"column":25},"end":{"line":20,"column":50}},"12":{"start":{"line":21,"column":31},"end":{"line":21,"column":56}},"13":{"start":{"line":22,"column":4},"end":{"line":22,"column":30}},"14":{"start":{"line":24,"column":4},"end":{"line":24,"column":78}}},"fnMap":{"0":{"name":"fetchPokemon","decl":{"start":{"line":1,"column":15},"end":{"line":1,"column":27}},"loc":{"start":{"line":1,"column":43},"end":{"line":9,"column":1}},"line":1},"1":{"name":"fetchPagina","decl":{"start":{"line":10,"column":30},"end":{"line":10,"column":41}},"loc":{"start":{"line":10,"column":47},"end":{"line":26,"column":1}},"line":10}},"branchMap":{"0":{"loc":{"start":{"line":12,"column":2},"end":{"line":14,"column":3}},"type":"if","locations":[{"start":{"line":12,"column":2},"end":{"line":14,"column":3}},{"start":{},"end":{}}],"line":12}},"s":{"0":0,"1":0,"2":0,"3":0,"4":0,"5":0,"6":0,"7":0,"8":0,"9":0,"10":0,"11":0,"12":0,"13":0,"14":0},"f":{"0":0,"1":0},"b":{"0":[0,0]},"_coverageSchema":"1a1c01bbd47fc00a2c39e90264f33305004495a9","hash":"89d799e9f89ef5fc9f118c51142e8af1e107e8a2"}
,"F:\\Github\\Pokedex-separada-por-modulos\\modules\\clases\\pokemon.js": {"path":"F:\\Github\\Pokedex-separada-por-modulos\\modules\\clases\\pokemon.js","statementMap":{"0":{"start":{"line":24,"column":4},"end":{"line":24,"column":17}},"1":{"start":{"line":25,"column":4},"end":{"line":25,"column":25}},"2":{"start":{"line":26,"column":4},"end":{"line":26,"column":23}},"3":{"start":{"line":27,"column":4},"end":{"line":27,"column":23}},"4":{"start":{"line":28,"column":4},"end":{"line":28,"column":21}},"5":{"start":{"line":29,"column":4},"end":{"line":29,"column":25}},"6":{"start":{"line":30,"column":4},"end":{"line":30,"column":35}},"7":{"start":{"line":31,"column":4},"end":{"line":31,"column":23}},"8":{"start":{"line":32,"column":4},"end":{"line":32,"column":35}},"9":{"start":{"line":37,"column":18},"end":{"line":47,"column":3}},"10":{"start":{"line":48,"column":2},"end":{"line":48,"column":17}}},"fnMap":{"0":{"name":"(anonymous_0)","decl":{"start":{"line":13,"column":2},"end":{"line":13,"column":3}},"loc":{"start":{"line":23,"column":4},"end":{"line":33,"column":3}},"line":23},"1":{"name":"construirPokemon","decl":{"start":{"line":36,"column":24},"end":{"line":36,"column":40}},"loc":{"start":{"line":36,"column":54},"end":{"line":49,"column":1}},"line":36}},"branchMap":{"0":{"loc":{"start":{"line":20,"column":4},"end":{"line":20,"column":20}},"type":"default-arg","locations":[{"start":{"line":20,"column":18},"end":{"line":20,"column":20}}],"line":20},"1":{"loc":{"start":{"line":21,"column":4},"end":{"line":21,"column":14}},"type":"default-arg","locations":[{"start":{"line":21,"column":12},"end":{"line":21,"column":14}}],"line":21},"2":{"loc":{"start":{"line":22,"column":4},"end":{"line":22,"column":20}},"type":"default-arg","locations":[{"start":{"line":22,"column":18},"end":{"line":22,"column":20}}],"line":22}},"s":{"0":0,"1":0,"2":0,"3":0,"4":0,"5":0,"6":0,"7":0,"8":0,"9":0,"10":0},"f":{"0":0,"1":0},"b":{"0":[0],"1":[0],"2":[0]},"_coverageSchema":"1a1c01bbd47fc00a2c39e90264f33305004495a9","hash":"f1494b5ea0b1d2558c64d0a11a7e9ed7e506795f"}
,"F:\\Github\\Pokedex-separada-por-modulos\\modules\\servicios\\servicios.js": {"path":"F:\\Github\\Pokedex-separada-por-modulos\\modules\\servicios\\servicios.js","statementMap":{"0":{"start":{"line":5,"column":2},"end":{"line":18,"column":3}},"1":{"start":{"line":6,"column":33},"end":{"line":6,"column":61}},"2":{"start":{"line":7,"column":4},"end":{"line":12,"column":5}},"3":{"start":{"line":8,"column":29},"end":{"line":8,"column":54}},"4":{"start":{"line":9,"column":6},"end":{"line":9,"column":58}},"5":{"start":{"line":11,"column":6},"end":{"line":11,"column":28}},"6":{"start":{"line":14,"column":4},"end":{"line":14,"column":44}},"7":{"start":{"line":16,"column":25},"end":{"line":16,"column":91}},"8":{"start":{"line":17,"column":4},"end":{"line":17,"column":24}}},"fnMap":{"0":{"name":"buscarPagina","decl":{"start":{"line":4,"column":30},"end":{"line":4,"column":42}},"loc":{"start":{"line":4,"column":51},"end":{"line":19,"column":1}},"line":4}},"branchMap":{"0":{"loc":{"start":{"line":7,"column":4},"end":{"line":12,"column":5}},"type":"if","locations":[{"start":{"line":7,"column":4},"end":{"line":12,"column":5}},{"start":{},"end":{}}],"line":7}},"s":{"0":0,"1":0,"2":0,"3":0,"4":0,"5":0,"6":0,"7":0,"8":0},"f":{"0":0},"b":{"0":[0,0]},"_coverageSchema":"1a1c01bbd47fc00a2c39e90264f33305004495a9","hash":"a1731991b74e8ea53506fcff7b8ae8c446ddfa03"}
,"F:\\Github\\Pokedex-separada-por-modulos\\modules\\storage\\storage.js": {"path":"F:\\Github\\Pokedex-separada-por-modulos\\modules\\storage\\storage.js","statementMap":{"0":{"start":{"line":2,"column":31},"end":{"line":2,"column":65}},"1":{"start":{"line":3,"column":2},"end":{"line":3,"column":64}},"2":{"start":{"line":7,"column":31},"end":{"line":7,"column":68}},"3":{"start":{"line":8,"column":2},"end":{"line":8,"column":30}}},"fnMap":{"0":{"name":"guardarPaginaEnLocalStorage","decl":{"start":{"line":1,"column":9},"end":{"line":1,"column":36}},"loc":{"start":{"line":1,"column":76},"end":{"line":4,"column":1}},"line":1},"1":{"name":"buscarEnLocalStorage","decl":{"start":{"line":6,"column":9},"end":{"line":6,"column":29}},"loc":{"start":{"line":6,"column":47},"end":{"line":9,"column":1}},"line":6}},"branchMap":{},"s":{"0":0,"1":0,"2":0,"3":0},"f":{"0":0,"1":0},"b":{},"_coverageSchema":"1a1c01bbd47fc00a2c39e90264f33305004495a9","hash":"df15a6b43c6bc6aa4eaf4ac3b6b99349a42e324b"}
,"F:\\Github\\Pokedex-separada-por-modulos\\modules\\ui\\ui.js": {"path":"F:\\Github\\Pokedex-separada-por-modulos\\modules\\ui\\ui.js","statementMap":{"0":{"start":{"line":6,"column":30},"end":{"line":6,"column":32}},"1":{"start":{"line":7,"column":2},"end":{"line":9,"column":5}},"2":{"start":{"line":8,"column":4},"end":{"line":8,"column":67}},"3":{"start":{"line":10,"column":2},"end":{"line":12,"column":3}},"4":{"start":{"line":11,"column":4},"end":{"line":11,"column":38}},"5":{"start":{"line":13,"column":2},"end":{"line":13,"column":46}},"6":{"start":{"line":16,"column":21},"end":{"line":25,"column":1}},"7":{"start":{"line":17,"column":24},"end":{"line":17,"column":26}},"8":{"start":{"line":18,"column":2},"end":{"line":20,"column":5}},"9":{"start":{"line":19,"column":4},"end":{"line":19,"column":55}},"10":{"start":{"line":21,"column":2},"end":{"line":23,"column":3}},"11":{"start":{"line":22,"column":4},"end":{"line":22,"column":32}},"12":{"start":{"line":24,"column":2},"end":{"line":24,"column":34}},"13":{"start":{"line":27,"column":27},"end":{"line":36,"column":1}},"14":{"start":{"line":28,"column":30},"end":{"line":28,"column":32}},"15":{"start":{"line":29,"column":2},"end":{"line":31,"column":5}},"16":{"start":{"line":30,"column":4},"end":{"line":30,"column":70}},"17":{"start":{"line":32,"column":2},"end":{"line":34,"column":3}},"18":{"start":{"line":33,"column":4},"end":{"line":33,"column":38}},"19":{"start":{"line":35,"column":2},"end":{"line":35,"column":46}},"20":{"start":{"line":39,"column":22},"end":{"line":39,"column":27}},"21":{"start":{"line":40,"column":2},"end":{"line":42,"column":3}},"22":{"start":{"line":41,"column":4},"end":{"line":41,"column":26}},"23":{"start":{"line":43,"column":2},"end":{"line":45,"column":3}},"24":{"start":{"line":44,"column":4},"end":{"line":44,"column":48}},"25":{"start":{"line":47,"column":2},"end":{"line":47,"column":23}},"26":{"start":{"line":50,"column":32},"end":{"line":53,"column":1}},"27":{"start":{"line":51,"column":24},"end":{"line":51,"column":65}},"28":{"start":{"line":52,"column":2},"end":{"line":52,"column":43}},"29":{"start":{"line":54,"column":30},"end":{"line":74,"column":1}},"30":{"start":{"line":55,"column":2},"end":{"line":55,"column":28}},"31":{"start":{"line":56,"column":86},"end":{"line":56,"column":93}},"32":{"start":{"line":57,"column":25},"end":{"line":57,"column":58}},"33":{"start":{"line":58,"column":21},"end":{"line":58,"column":50}},"34":{"start":{"line":59,"column":23},"end":{"line":59,"column":54}},"35":{"start":{"line":60,"column":23},"end":{"line":60,"column":54}},"36":{"start":{"line":61,"column":25},"end":{"line":61,"column":58}},"37":{"start":{"line":62,"column":30},"end":{"line":62,"column":68}},"38":{"start":{"line":63,"column":25},"end":{"line":63,"column":66}},"39":{"start":{"line":64,"column":30},"end":{"line":64,"column":68}},"40":{"start":{"line":65,"column":2},"end":{"line":65,"column":49}},"41":{"start":{"line":66,"column":2},"end":{"line":66,"column":49}},"42":{"start":{"line":67,"column":2},"end":{"line":67,"column":37}},"43":{"start":{"line":68,"column":2},"end":{"line":68,"column":43}},"44":{"start":{"line":69,"column":2},"end":{"line":69,"column":49}},"45":{"start":{"line":70,"column":2},"end":{"line":70,"column":47}},"46":{"start":{"line":71,"column":2},"end":{"line":71,"column":66}},"47":{"start":{"line":72,"column":2},"end":{"line":72,"column":65}},"48":{"start":{"line":73,"column":2},"end":{"line":73,"column":28}},"49":{"start":{"line":77,"column":19},"end":{"line":77,"column":45}},"50":{"start":{"line":78,"column":2},"end":{"line":81,"column":5}},"51":{"start":{"line":79,"column":20},"end":{"line":79,"column":50}},"52":{"start":{"line":80,"column":4},"end":{"line":80,"column":35}},"53":{"start":{"line":84,"column":28},"end":{"line":102,"column":1}},"54":{"start":{"line":85,"column":2},"end":{"line":85,"column":29}},"55":{"start":{"line":86,"column":28},"end":{"line":86,"column":71}},"56":{"start":{"line":87,"column":2},"end":{"line":87,"column":37}},"57":{"start":{"line":89,"column":2},"end":{"line":101,"column":5}},"58":{"start":{"line":90,"column":26},"end":{"line":90,"column":34}},"59":{"start":{"line":91,"column":19},"end":{"line":91,"column":51}},"60":{"start":{"line":92,"column":4},"end":{"line":92,"column":24}},"61":{"start":{"line":93,"column":4},"end":{"line":93,"column":28}},"62":{"start":{"line":94,"column":4},"end":{"line":94,"column":21}},"63":{"start":{"line":95,"column":4},"end":{"line":95,"column":29}},"64":{"start":{"line":96,"column":4},"end":{"line":96,"column":47}},"65":{"start":{"line":97,"column":4},"end":{"line":97,"column":37}},"66":{"start":{"line":98,"column":4},"end":{"line":100,"column":7}},"67":{"start":{"line":99,"column":6},"end":{"line":99,"column":51}},"68":{"start":{"line":104,"column":42},"end":{"line":137,"column":1}},"69":{"start":{"line":109,"column":24},"end":{"line":109,"column":65}},"70":{"start":{"line":110,"column":25},"end":{"line":110,"column":67}},"71":{"start":{"line":112,"column":2},"end":{"line":116,"column":3}},"72":{"start":{"line":113,"column":4},"end":{"line":113,"column":39}},"73":{"start":{"line":115,"column":4},"end":{"line":115,"column":59}},"74":{"start":{"line":118,"column":2},"end":{"line":123,"column":4}},"75":{"start":{"line":119,"column":31},"end":{"line":119,"column":97}},"76":{"start":{"line":120,"column":4},"end":{"line":120,"column":56}},"77":{"start":{"line":121,"column":4},"end":{"line":121,"column":63}},"78":{"start":{"line":122,"column":4},"end":{"line":122,"column":48}},"79":{"start":{"line":124,"column":2},"end":{"line":128,"column":3}},"80":{"start":{"line":125,"column":4},"end":{"line":125,"column":40}},"81":{"start":{"line":127,"column":4},"end":{"line":127,"column":61}},"82":{"start":{"line":129,"column":2},"end":{"line":136,"column":4}},"83":{"start":{"line":130,"column":31},"end":{"line":130,"column":97}},"84":{"start":{"line":131,"column":4},"end":{"line":131,"column":56}},"85":{"start":{"line":132,"column":4},"end":{"line":132,"column":63}},"86":{"start":{"line":133,"column":4},"end":{"line":133,"column":48}},"87":{"start":{"line":135,"column":4},"end":{"line":135,"column":87}},"88":{"start":{"line":139,"column":35},"end":{"line":142,"column":1}},"89":{"start":{"line":140,"column":31},"end":{"line":140,"column":79}},"90":{"start":{"line":141,"column":2},"end":{"line":141,"column":109}},"91":{"start":{"line":144,"column":28},"end":{"line":146,"column":1}},"92":{"start":{"line":145,"column":2},"end":{"line":145,"column":82}},"93":{"start":{"line":148,"column":23},"end":{"line":179,"column":1}},"94":{"start":{"line":154,"column":2},"end":{"line":154,"column":48}},"95":{"start":{"line":155,"column":2},"end":{"line":155,"column":94}},"96":{"start":{"line":156,"column":21},"end":{"line":156,"column":57}},"97":{"start":{"line":157,"column":2},"end":{"line":157,"column":28}},"98":{"start":{"line":158,"column":2},"end":{"line":178,"column":3}},"99":{"start":{"line":158,"column":15},"end":{"line":158,"column":16}},"100":{"start":{"line":159,"column":19},"end":{"line":159,"column":47}},"101":{"start":{"line":160,"column":4},"end":{"line":160,"column":38}},"102":{"start":{"line":161,"column":14},"end":{"line":161,"column":41}},"103":{"start":{"line":162,"column":4},"end":{"line":162,"column":33}},"104":{"start":{"line":163,"column":4},"end":{"line":163,"column":23}},"105":{"start":{"line":164,"column":4},"end":{"line":164,"column":20}},"106":{"start":{"line":165,"column":4},"end":{"line":165,"column":13}},"107":{"start":{"line":166,"column":4},"end":{"line":169,"column":7}},"108":{"start":{"line":167,"column":6},"end":{"line":167,"column":29}},"109":{"start":{"line":168,"column":6},"end":{"line":168,"column":33}},"110":{"start":{"line":170,"column":4},"end":{"line":175,"column":5}},"111":{"start":{"line":171,"column":6},"end":{"line":171,"column":29}},"112":{"start":{"line":172,"column":6},"end":{"line":172,"column":18}},"113":{"start":{"line":173,"column":6},"end":{"line":173,"column":37}},"114":{"start":{"line":174,"column":6},"end":{"line":174,"column":40}},"115":{"start":{"line":176,"column":4},"end":{"line":176,"column":26}},"116":{"start":{"line":177,"column":4},"end":{"line":177,"column":35}}},"fnMap":{"0":{"name":"mostarMovimientos","decl":{"start":{"line":5,"column":9},"end":{"line":5,"column":26}},"loc":{"start":{"line":5,"column":40},"end":{"line":14,"column":1}},"line":5},"1":{"name":"(anonymous_1)","decl":{"start":{"line":7,"column":22},"end":{"line":7,"column":23}},"loc":{"start":{"line":7,"column":46},"end":{"line":9,"column":3}},"line":7},"2":{"name":"(anonymous_2)","decl":{"start":{"line":16,"column":21},"end":{"line":16,"column":22}},"loc":{"start":{"line":16,"column":32},"end":{"line":25,"column":1}},"line":16},"3":{"name":"(anonymous_3)","decl":{"start":{"line":18,"column":16},"end":{"line":18,"column":17}},"loc":{"start":{"line":18,"column":34},"end":{"line":20,"column":3}},"line":18},"4":{"name":"(anonymous_4)","decl":{"start":{"line":27,"column":27},"end":{"line":27,"column":28}},"loc":{"start":{"line":27,"column":44},"end":{"line":36,"column":1}},"line":27},"5":{"name":"(anonymous_5)","decl":{"start":{"line":29,"column":22},"end":{"line":29,"column":23}},"loc":{"start":{"line":29,"column":46},"end":{"line":31,"column":3}},"line":29},"6":{"name":"mostrarFoto","decl":{"start":{"line":38,"column":9},"end":{"line":38,"column":20}},"loc":{"start":{"line":38,"column":35},"end":{"line":48,"column":1}},"line":38},"7":{"name":"(anonymous_7)","decl":{"start":{"line":50,"column":32},"end":{"line":50,"column":33}},"loc":{"start":{"line":50,"column":38},"end":{"line":53,"column":1}},"line":50},"8":{"name":"(anonymous_8)","decl":{"start":{"line":54,"column":30},"end":{"line":54,"column":31}},"loc":{"start":{"line":54,"column":43},"end":{"line":74,"column":1}},"line":54},"9":{"name":"mostrarDetallesPoekmon","decl":{"start":{"line":76,"column":9},"end":{"line":76,"column":31}},"loc":{"start":{"line":76,"column":46},"end":{"line":82,"column":1}},"line":76},"10":{"name":"(anonymous_10)","decl":{"start":{"line":78,"column":16},"end":{"line":78,"column":17}},"loc":{"start":{"line":78,"column":34},"end":{"line":81,"column":3}},"line":78},"11":{"name":"(anonymous_11)","decl":{"start":{"line":84,"column":28},"end":{"line":84,"column":29}},"loc":{"start":{"line":84,"column":47},"end":{"line":102,"column":1}},"line":84},"12":{"name":"(anonymous_12)","decl":{"start":{"line":89,"column":24},"end":{"line":89,"column":25}},"loc":{"start":{"line":89,"column":38},"end":{"line":101,"column":3}},"line":89},"13":{"name":"(anonymous_13)","decl":{"start":{"line":98,"column":37},"end":{"line":98,"column":38}},"loc":{"start":{"line":98,"column":44},"end":{"line":100,"column":5}},"line":98},"14":{"name":"(anonymous_14)","decl":{"start":{"line":104,"column":42},"end":{"line":104,"column":43}},"loc":{"start":{"line":108,"column":5},"end":{"line":137,"column":1}},"line":108},"15":{"name":"(anonymous_15)","decl":{"start":{"line":107,"column":28},"end":{"line":107,"column":29}},"loc":{"start":{"line":107,"column":34},"end":{"line":107,"column":36}},"line":107},"16":{"name":"(anonymous_16)","decl":{"start":{"line":118,"column":26},"end":{"line":118,"column":27}},"loc":{"start":{"line":118,"column":32},"end":{"line":123,"column":3}},"line":118},"17":{"name":"(anonymous_17)","decl":{"start":{"line":129,"column":27},"end":{"line":129,"column":28}},"loc":{"start":{"line":129,"column":33},"end":{"line":136,"column":3}},"line":129},"18":{"name":"(anonymous_18)","decl":{"start":{"line":139,"column":35},"end":{"line":139,"column":36}},"loc":{"start":{"line":139,"column":60},"end":{"line":142,"column":1}},"line":139},"19":{"name":"(anonymous_19)","decl":{"start":{"line":144,"column":28},"end":{"line":144,"column":29}},"loc":{"start":{"line":144,"column":48},"end":{"line":146,"column":1}},"line":144},"20":{"name":"(anonymous_20)","decl":{"start":{"line":148,"column":23},"end":{"line":148,"column":24}},"loc":{"start":{"line":153,"column":5},"end":{"line":179,"column":1}},"line":153},"21":{"name":"(anonymous_21)","decl":{"start":{"line":152,"column":28},"end":{"line":152,"column":29}},"loc":{"start":{"line":152,"column":34},"end":{"line":152,"column":36}},"line":152},"22":{"name":"(anonymous_22)","decl":{"start":{"line":166,"column":32},"end":{"line":166,"column":33}},"loc":{"start":{"line":166,"column":43},"end":{"line":169,"column":5}},"line":166}},"branchMap":{"0":{"loc":{"start":{"line":10,"column":2},"end":{"line":12,"column":3}},"type":"if","locations":[{"start":{"line":10,"column":2},"end":{"line":12,"column":3}},{"start":{},"end":{}}],"line":10},"1":{"loc":{"start":{"line":21,"column":2},"end":{"line":23,"column":3}},"type":"if","locations":[{"start":{"line":21,"column":2},"end":{"line":23,"column":3}},{"start":{},"end":{}}],"line":21},"2":{"loc":{"start":{"line":32,"column":2},"end":{"line":34,"column":3}},"type":"if","locations":[{"start":{"line":32,"column":2},"end":{"line":34,"column":3}},{"start":{},"end":{}}],"line":32},"3":{"loc":{"start":{"line":40,"column":2},"end":{"line":42,"column":3}},"type":"if","locations":[{"start":{"line":40,"column":2},"end":{"line":42,"column":3}},{"start":{},"end":{}}],"line":40},"4":{"loc":{"start":{"line":43,"column":2},"end":{"line":45,"column":3}},"type":"if","locations":[{"start":{"line":43,"column":2},"end":{"line":45,"column":3}},{"start":{},"end":{}}],"line":43},"5":{"loc":{"start":{"line":107,"column":2},"end":{"line":107,"column":36}},"type":"default-arg","locations":[{"start":{"line":107,"column":28},"end":{"line":107,"column":36}}],"line":107},"6":{"loc":{"start":{"line":112,"column":2},"end":{"line":116,"column":3}},"type":"if","locations":[{"start":{"line":112,"column":2},"end":{"line":116,"column":3}},{"start":{"line":114,"column":9},"end":{"line":116,"column":3}}],"line":112},"7":{"loc":{"start":{"line":124,"column":2},"end":{"line":128,"column":3}},"type":"if","locations":[{"start":{"line":124,"column":2},"end":{"line":128,"column":3}},{"start":{"line":126,"column":9},"end":{"line":128,"column":3}}],"line":124},"8":{"loc":{"start":{"line":151,"column":2},"end":{"line":151,"column":18}},"type":"default-arg","locations":[{"start":{"line":151,"column":17},"end":{"line":151,"column":18}}],"line":151},"9":{"loc":{"start":{"line":152,"column":2},"end":{"line":152,"column":36}},"type":"default-arg","locations":[{"start":{"line":152,"column":28},"end":{"line":152,"column":36}}],"line":152},"10":{"loc":{"start":{"line":170,"column":4},"end":{"line":175,"column":5}},"type":"if","locations":[{"start":{"line":170,"column":4},"end":{"line":175,"column":5}},{"start":{},"end":{}}],"line":170}},"s":{"0":0,"1":0,"2":0,"3":0,"4":0,"5":0,"6":1,"7":0,"8":0,"9":0,"10":0,"11":0,"12":0,"13":1,"14":0,"15":0,"16":0,"17":0,"18":0,"19":0,"20":0,"21":0,"22":0,"23":0,"24":0,"25":0,"26":1,"27":0,"28":0,"29":1,"30":0,"31":0,"32":0,"33":0,"34":0,"35":0,"36":0,"37":0,"38":0,"39":0,"40":0,"41":0,"42":0,"43":0,"44":0,"45":0,"46":0,"47":0,"48":0,"49":0,"50":0,"51":0,"52":0,"53":1,"54":2,"55":2,"56":2,"57":2,"58":11,"59":11,"60":11,"61":11,"62":11,"63":11,"64":11,"65":11,"66":11,"67":0,"68":1,"69":0,"70":0,"71":0,"72":0,"73":0,"74":0,"75":0,"76":0,"77":0,"78":0,"79":0,"80":0,"81":0,"82":0,"83":0,"84":0,"85":0,"86":0,"87":0,"88":1,"89":1,"90":1,"91":1,"92":0,"93":1,"94":0,"95":0,"96":0,"97":0,"98":0,"99":0,"100":0,"101":0,"102":0,"103":0,"104":0,"105":0,"106":0,"107":0,"108":0,"109":0,"110":0,"111":0,"112":0,"113":0,"114":0,"115":0,"116":0},"f":{"0":0,"1":0,"2":0,"3":0,"4":0,"5":0,"6":0,"7":0,"8":0,"9":0,"10":0,"11":2,"12":11,"13":0,"14":0,"15":0,"16":0,"17":0,"18":1,"19":0,"20":0,"21":0,"22":0},"b":{"0":[0,0],"1":[0,0],"2":[0,0],"3":[0,0],"4":[0,0],"5":[0],"6":[0,0],"7":[0,0],"8":[0],"9":[0],"10":[0,0]},"_coverageSchema":"1a1c01bbd47fc00a2c39e90264f33305004495a9","hash":"711a9ea669080217adfe605be852282abcc3d94c"}
}
