{"F:\\Github\\Pokedex-separada-por-modulos\\modules\\api\\api.js": {"path":"F:\\Github\\Pokedex-separada-por-modulos\\modules\\api\\api.js","statementMap":{"0":{"start":{"line":2,"column":2},"end":{"line":8,"column":3}},"1":{"start":{"line":3,"column":25},"end":{"line":3,"column":51}},"2":{"start":{"line":4,"column":31},"end":{"line":4,"column":56}},"3":{"start":{"line":5,"column":4},"end":{"line":5,"column":30}},"4":{"start":{"line":7,"column":4},"end":{"line":7,"column":78}},"5":{"start":{"line":11,"column":16},"end":{"line":11,"column":27}},"6":{"start":{"line":12,"column":2},"end":{"line":15,"column":3}},"7":{"start":{"line":14,"column":4},"end":{"line":14,"column":29}},"8":{"start":{"line":17,"column":28},"end":{"line":17,"column":42}},"9":{"start":{"line":18,"column":23},"end":{"line":18,"column":95}},"10":{"start":{"line":20,"column":2},"end":{"line":26,"column":3}},"11":{"start":{"line":21,"column":25},"end":{"line":21,"column":50}},"12":{"start":{"line":22,"column":31},"end":{"line":22,"column":56}},"13":{"start":{"line":23,"column":4},"end":{"line":23,"column":30}},"14":{"start":{"line":25,"column":4},"end":{"line":25,"column":78}}},"fnMap":{"0":{"name":"fetchPokemon","decl":{"start":{"line":1,"column":15},"end":{"line":1,"column":27}},"loc":{"start":{"line":1,"column":43},"end":{"line":9,"column":1}},"line":1},"1":{"name":"fetchPagina","decl":{"start":{"line":10,"column":30},"end":{"line":10,"column":41}},"loc":{"start":{"line":10,"column":47},"end":{"line":27,"column":1}},"line":10}},"branchMap":{"0":{"loc":{"start":{"line":12,"column":2},"end":{"line":15,"column":3}},"type":"if","locations":[{"start":{"line":12,"column":2},"end":{"line":15,"column":3}},{"start":{},"end":{}}],"line":12}},"s":{"0":1,"1":1,"2":1,"3":1,"4":0,"5":3,"6":3,"7":1,"8":2,"9":2,"10":2,"11":2,"12":2,"13":2,"14":0},"f":{"0":1,"1":3},"b":{"0":[1,2]},"_coverageSchema":"1a1c01bbd47fc00a2c39e90264f33305004495a9","hash":"98658267bbc685cc21b01aace1c7b232db8c27cd"}
,"F:\\Github\\Pokedex-separada-por-modulos\\modules\\clases\\pokemon.js": {"path":"F:\\Github\\Pokedex-separada-por-modulos\\modules\\clases\\pokemon.js","statementMap":{"0":{"start":{"line":25,"column":4},"end":{"line":25,"column":17}},"1":{"start":{"line":26,"column":4},"end":{"line":26,"column":25}},"2":{"start":{"line":27,"column":4},"end":{"line":27,"column":23}},"3":{"start":{"line":28,"column":4},"end":{"line":28,"column":23}},"4":{"start":{"line":29,"column":4},"end":{"line":29,"column":21}},"5":{"start":{"line":30,"column":4},"end":{"line":30,"column":25}},"6":{"start":{"line":31,"column":4},"end":{"line":31,"column":35}},"7":{"start":{"line":32,"column":4},"end":{"line":32,"column":23}},"8":{"start":{"line":33,"column":4},"end":{"line":33,"column":35}},"9":{"start":{"line":38,"column":73},"end":{"line":38,"column":84}},"10":{"start":{"line":39,"column":18},"end":{"line":55,"column":3}},"11":{"start":{"line":47,"column":6},"end":{"line":47,"column":39}},"12":{"start":{"line":50,"column":6},"end":{"line":50,"column":36}},"13":{"start":{"line":53,"column":6},"end":{"line":53,"column":36}},"14":{"start":{"line":56,"column":2},"end":{"line":56,"column":17}}},"fnMap":{"0":{"name":"(anonymous_0)","decl":{"start":{"line":14,"column":2},"end":{"line":14,"column":3}},"loc":{"start":{"line":24,"column":4},"end":{"line":34,"column":3}},"line":24},"1":{"name":"construirPokemon","decl":{"start":{"line":37,"column":24},"end":{"line":37,"column":40}},"loc":{"start":{"line":37,"column":54},"end":{"line":57,"column":1}},"line":37},"2":{"name":"(anonymous_2)","decl":{"start":{"line":46,"column":18},"end":{"line":46,"column":19}},"loc":{"start":{"line":46,"column":28},"end":{"line":48,"column":5}},"line":46},"3":{"name":"(anonymous_3)","decl":{"start":{"line":49,"column":14},"end":{"line":49,"column":15}},"loc":{"start":{"line":49,"column":24},"end":{"line":51,"column":5}},"line":49},"4":{"name":"(anonymous_4)","decl":{"start":{"line":52,"column":14},"end":{"line":52,"column":15}},"loc":{"start":{"line":52,"column":24},"end":{"line":54,"column":5}},"line":52}},"branchMap":{"0":{"loc":{"start":{"line":21,"column":4},"end":{"line":21,"column":20}},"type":"default-arg","locations":[{"start":{"line":21,"column":18},"end":{"line":21,"column":20}}],"line":21},"1":{"loc":{"start":{"line":22,"column":4},"end":{"line":22,"column":14}},"type":"default-arg","locations":[{"start":{"line":22,"column":12},"end":{"line":22,"column":14}}],"line":22},"2":{"loc":{"start":{"line":23,"column":4},"end":{"line":23,"column":20}},"type":"default-arg","locations":[{"start":{"line":23,"column":18},"end":{"line":23,"column":20}}],"line":23}},"s":{"0":1,"1":1,"2":1,"3":1,"4":1,"5":1,"6":1,"7":1,"8":1,"9":1,"10":1,"11":2,"12":2,"13":78,"14":1},"f":{"0":1,"1":1,"2":2,"3":2,"4":78},"b":{"0":[0],"1":[0],"2":[0]},"_coverageSchema":"1a1c01bbd47fc00a2c39e90264f33305004495a9","hash":"431ddce9251709e069f14f36169bc5276c22184f"}
,"F:\\Github\\Pokedex-separada-por-modulos\\modules\\servicios\\servicios.js": {"path":"F:\\Github\\Pokedex-separada-por-modulos\\modules\\servicios\\servicios.js","statementMap":{"0":{"start":{"line":5,"column":2},"end":{"line":7,"column":3}},"1":{"start":{"line":6,"column":4},"end":{"line":6,"column":71}},"2":{"start":{"line":8,"column":2},"end":{"line":20,"column":3}},"3":{"start":{"line":9,"column":33},"end":{"line":9,"column":61}},"4":{"start":{"line":10,"column":4},"end":{"line":15,"column":5}},"5":{"start":{"line":11,"column":29},"end":{"line":11,"column":54}},"6":{"start":{"line":12,"column":6},"end":{"line":12,"column":58}},"7":{"start":{"line":14,"column":6},"end":{"line":14,"column":28}},"8":{"start":{"line":16,"column":4},"end":{"line":16,"column":32}},"9":{"start":{"line":18,"column":25},"end":{"line":18,"column":91}},"10":{"start":{"line":19,"column":4},"end":{"line":19,"column":24}}},"fnMap":{"0":{"name":"buscarPagina","decl":{"start":{"line":4,"column":30},"end":{"line":4,"column":42}},"loc":{"start":{"line":4,"column":51},"end":{"line":21,"column":1}},"line":4}},"branchMap":{"0":{"loc":{"start":{"line":5,"column":2},"end":{"line":7,"column":3}},"type":"if","locations":[{"start":{"line":5,"column":2},"end":{"line":7,"column":3}},{"start":{},"end":{}}],"line":5},"1":{"loc":{"start":{"line":10,"column":4},"end":{"line":15,"column":5}},"type":"if","locations":[{"start":{"line":10,"column":4},"end":{"line":15,"column":5}},{"start":{},"end":{}}],"line":10}},"s":{"0":3,"1":1,"2":2,"3":2,"4":2,"5":1,"6":1,"7":1,"8":1,"9":0,"10":0},"f":{"0":3},"b":{"0":[1,2],"1":[1,1]},"_coverageSchema":"1a1c01bbd47fc00a2c39e90264f33305004495a9","hash":"2c41426412f7d4fb76ed6283aab988afd8831af5"}
,"F:\\Github\\Pokedex-separada-por-modulos\\modules\\storage\\storage.js": {"path":"F:\\Github\\Pokedex-separada-por-modulos\\modules\\storage\\storage.js","statementMap":{"0":{"start":{"line":2,"column":31},"end":{"line":2,"column":65}},"1":{"start":{"line":3,"column":2},"end":{"line":3,"column":64}},"2":{"start":{"line":7,"column":31},"end":{"line":7,"column":68}},"3":{"start":{"line":8,"column":26},"end":{"line":8,"column":58}},"4":{"start":{"line":9,"column":2},"end":{"line":9,"column":25}}},"fnMap":{"0":{"name":"guardarPaginaEnLocalStorage","decl":{"start":{"line":1,"column":9},"end":{"line":1,"column":36}},"loc":{"start":{"line":1,"column":76},"end":{"line":4,"column":1}},"line":1},"1":{"name":"buscarEnLocalStorage","decl":{"start":{"line":6,"column":9},"end":{"line":6,"column":29}},"loc":{"start":{"line":6,"column":47},"end":{"line":10,"column":1}},"line":6}},"branchMap":{},"s":{"0":2,"1":2,"2":3,"3":3,"4":3},"f":{"0":2,"1":3},"b":{},"_coverageSchema":"1a1c01bbd47fc00a2c39e90264f33305004495a9","hash":"cd7ebe192785ac2a3d8bd19c886eeee80e046ddf"}
,"F:\\Github\\Pokedex-separada-por-modulos\\modules\\ui\\ui.js": {"path":"F:\\Github\\Pokedex-separada-por-modulos\\modules\\ui\\ui.js","statementMap":{"0":{"start":{"line":6,"column":22},"end":{"line":6,"column":27}},"1":{"start":{"line":7,"column":2},"end":{"line":9,"column":3}},"2":{"start":{"line":8,"column":4},"end":{"line":8,"column":26}},"3":{"start":{"line":10,"column":2},"end":{"line":12,"column":3}},"4":{"start":{"line":11,"column":4},"end":{"line":11,"column":48}},"5":{"start":{"line":14,"column":2},"end":{"line":14,"column":23}},"6":{"start":{"line":17,"column":32},"end":{"line":20,"column":1}},"7":{"start":{"line":18,"column":24},"end":{"line":18,"column":65}},"8":{"start":{"line":19,"column":2},"end":{"line":19,"column":43}},"9":{"start":{"line":21,"column":35},"end":{"line":41,"column":1}},"10":{"start":{"line":22,"column":2},"end":{"line":22,"column":28}},"11":{"start":{"line":23,"column":86},"end":{"line":23,"column":93}},"12":{"start":{"line":24,"column":25},"end":{"line":24,"column":58}},"13":{"start":{"line":25,"column":21},"end":{"line":25,"column":50}},"14":{"start":{"line":26,"column":23},"end":{"line":26,"column":54}},"15":{"start":{"line":27,"column":23},"end":{"line":27,"column":54}},"16":{"start":{"line":28,"column":25},"end":{"line":28,"column":58}},"17":{"start":{"line":29,"column":30},"end":{"line":29,"column":68}},"18":{"start":{"line":30,"column":25},"end":{"line":30,"column":66}},"19":{"start":{"line":31,"column":30},"end":{"line":31,"column":68}},"20":{"start":{"line":32,"column":2},"end":{"line":32,"column":49}},"21":{"start":{"line":33,"column":2},"end":{"line":33,"column":49}},"22":{"start":{"line":34,"column":2},"end":{"line":34,"column":37}},"23":{"start":{"line":35,"column":2},"end":{"line":35,"column":43}},"24":{"start":{"line":36,"column":2},"end":{"line":36,"column":49}},"25":{"start":{"line":37,"column":2},"end":{"line":37,"column":44}},"26":{"start":{"line":38,"column":2},"end":{"line":38,"column":63}},"27":{"start":{"line":39,"column":2},"end":{"line":39,"column":63}},"28":{"start":{"line":40,"column":2},"end":{"line":40,"column":28}},"29":{"start":{"line":43,"column":28},"end":{"line":64,"column":1}},"30":{"start":{"line":44,"column":28},"end":{"line":44,"column":71}},"31":{"start":{"line":45,"column":2},"end":{"line":45,"column":37}},"32":{"start":{"line":47,"column":2},"end":{"line":63,"column":5}},"33":{"start":{"line":48,"column":26},"end":{"line":48,"column":34}},"34":{"start":{"line":49,"column":19},"end":{"line":49,"column":51}},"35":{"start":{"line":50,"column":4},"end":{"line":50,"column":24}},"36":{"start":{"line":51,"column":4},"end":{"line":51,"column":28}},"37":{"start":{"line":52,"column":4},"end":{"line":52,"column":21}},"38":{"start":{"line":53,"column":4},"end":{"line":53,"column":29}},"39":{"start":{"line":54,"column":4},"end":{"line":54,"column":47}},"40":{"start":{"line":55,"column":4},"end":{"line":55,"column":37}},"41":{"start":{"line":56,"column":4},"end":{"line":62,"column":7}},"42":{"start":{"line":57,"column":23},"end":{"line":57,"column":57}},"43":{"start":{"line":58,"column":6},"end":{"line":61,"column":9}},"44":{"start":{"line":59,"column":24},"end":{"line":59,"column":54}},"45":{"start":{"line":60,"column":8},"end":{"line":60,"column":32}},"46":{"start":{"line":66,"column":42},"end":{"line":99,"column":1}},"47":{"start":{"line":71,"column":24},"end":{"line":71,"column":65}},"48":{"start":{"line":72,"column":25},"end":{"line":72,"column":67}},"49":{"start":{"line":74,"column":2},"end":{"line":78,"column":3}},"50":{"start":{"line":75,"column":4},"end":{"line":75,"column":39}},"51":{"start":{"line":77,"column":4},"end":{"line":77,"column":59}},"52":{"start":{"line":80,"column":2},"end":{"line":85,"column":4}},"53":{"start":{"line":81,"column":31},"end":{"line":81,"column":97}},"54":{"start":{"line":82,"column":4},"end":{"line":82,"column":56}},"55":{"start":{"line":83,"column":4},"end":{"line":83,"column":63}},"56":{"start":{"line":84,"column":4},"end":{"line":84,"column":48}},"57":{"start":{"line":86,"column":2},"end":{"line":90,"column":3}},"58":{"start":{"line":87,"column":4},"end":{"line":87,"column":40}},"59":{"start":{"line":89,"column":4},"end":{"line":89,"column":61}},"60":{"start":{"line":91,"column":2},"end":{"line":98,"column":4}},"61":{"start":{"line":92,"column":31},"end":{"line":92,"column":97}},"62":{"start":{"line":93,"column":4},"end":{"line":93,"column":56}},"63":{"start":{"line":94,"column":4},"end":{"line":94,"column":63}},"64":{"start":{"line":95,"column":4},"end":{"line":95,"column":48}},"65":{"start":{"line":97,"column":4},"end":{"line":97,"column":87}},"66":{"start":{"line":101,"column":35},"end":{"line":104,"column":1}},"67":{"start":{"line":102,"column":31},"end":{"line":102,"column":79}},"68":{"start":{"line":103,"column":2},"end":{"line":103,"column":109}},"69":{"start":{"line":106,"column":28},"end":{"line":108,"column":1}},"70":{"start":{"line":107,"column":2},"end":{"line":107,"column":82}},"71":{"start":{"line":110,"column":23},"end":{"line":141,"column":1}},"72":{"start":{"line":116,"column":2},"end":{"line":116,"column":48}},"73":{"start":{"line":117,"column":2},"end":{"line":117,"column":94}},"74":{"start":{"line":118,"column":21},"end":{"line":118,"column":57}},"75":{"start":{"line":119,"column":2},"end":{"line":119,"column":28}},"76":{"start":{"line":120,"column":2},"end":{"line":140,"column":3}},"77":{"start":{"line":120,"column":15},"end":{"line":120,"column":16}},"78":{"start":{"line":121,"column":19},"end":{"line":121,"column":47}},"79":{"start":{"line":122,"column":4},"end":{"line":122,"column":38}},"80":{"start":{"line":123,"column":14},"end":{"line":123,"column":41}},"81":{"start":{"line":124,"column":4},"end":{"line":124,"column":33}},"82":{"start":{"line":125,"column":4},"end":{"line":125,"column":23}},"83":{"start":{"line":126,"column":4},"end":{"line":126,"column":20}},"84":{"start":{"line":127,"column":4},"end":{"line":127,"column":13}},"85":{"start":{"line":128,"column":4},"end":{"line":131,"column":7}},"86":{"start":{"line":129,"column":6},"end":{"line":129,"column":29}},"87":{"start":{"line":130,"column":6},"end":{"line":130,"column":33}},"88":{"start":{"line":132,"column":4},"end":{"line":137,"column":5}},"89":{"start":{"line":133,"column":6},"end":{"line":133,"column":29}},"90":{"start":{"line":134,"column":6},"end":{"line":134,"column":18}},"91":{"start":{"line":135,"column":6},"end":{"line":135,"column":37}},"92":{"start":{"line":136,"column":6},"end":{"line":136,"column":40}},"93":{"start":{"line":138,"column":4},"end":{"line":138,"column":26}},"94":{"start":{"line":139,"column":4},"end":{"line":139,"column":35}}},"fnMap":{"0":{"name":"mostrarFoto","decl":{"start":{"line":5,"column":9},"end":{"line":5,"column":20}},"loc":{"start":{"line":5,"column":35},"end":{"line":15,"column":1}},"line":5},"1":{"name":"(anonymous_1)","decl":{"start":{"line":17,"column":32},"end":{"line":17,"column":33}},"loc":{"start":{"line":17,"column":38},"end":{"line":20,"column":1}},"line":17},"2":{"name":"(anonymous_2)","decl":{"start":{"line":21,"column":35},"end":{"line":21,"column":36}},"loc":{"start":{"line":21,"column":48},"end":{"line":41,"column":1}},"line":21},"3":{"name":"(anonymous_3)","decl":{"start":{"line":43,"column":28},"end":{"line":43,"column":29}},"loc":{"start":{"line":43,"column":74},"end":{"line":64,"column":1}},"line":43},"4":{"name":"(anonymous_4)","decl":{"start":{"line":43,"column":61},"end":{"line":43,"column":62}},"loc":{"start":{"line":43,"column":67},"end":{"line":43,"column":69}},"line":43},"5":{"name":"(anonymous_5)","decl":{"start":{"line":47,"column":24},"end":{"line":47,"column":25}},"loc":{"start":{"line":47,"column":38},"end":{"line":63,"column":3}},"line":47},"6":{"name":"(anonymous_6)","decl":{"start":{"line":56,"column":37},"end":{"line":56,"column":38}},"loc":{"start":{"line":56,"column":44},"end":{"line":62,"column":5}},"line":56},"7":{"name":"(anonymous_7)","decl":{"start":{"line":58,"column":20},"end":{"line":58,"column":21}},"loc":{"start":{"line":58,"column":38},"end":{"line":61,"column":7}},"line":58},"8":{"name":"(anonymous_8)","decl":{"start":{"line":66,"column":42},"end":{"line":66,"column":43}},"loc":{"start":{"line":70,"column":5},"end":{"line":99,"column":1}},"line":70},"9":{"name":"(anonymous_9)","decl":{"start":{"line":69,"column":28},"end":{"line":69,"column":29}},"loc":{"start":{"line":69,"column":34},"end":{"line":69,"column":36}},"line":69},"10":{"name":"(anonymous_10)","decl":{"start":{"line":80,"column":26},"end":{"line":80,"column":27}},"loc":{"start":{"line":80,"column":32},"end":{"line":85,"column":3}},"line":80},"11":{"name":"(anonymous_11)","decl":{"start":{"line":91,"column":27},"end":{"line":91,"column":28}},"loc":{"start":{"line":91,"column":33},"end":{"line":98,"column":3}},"line":91},"12":{"name":"(anonymous_12)","decl":{"start":{"line":101,"column":35},"end":{"line":101,"column":36}},"loc":{"start":{"line":101,"column":60},"end":{"line":104,"column":1}},"line":101},"13":{"name":"(anonymous_13)","decl":{"start":{"line":106,"column":28},"end":{"line":106,"column":29}},"loc":{"start":{"line":106,"column":48},"end":{"line":108,"column":1}},"line":106},"14":{"name":"(anonymous_14)","decl":{"start":{"line":110,"column":23},"end":{"line":110,"column":24}},"loc":{"start":{"line":115,"column":5},"end":{"line":141,"column":1}},"line":115},"15":{"name":"(anonymous_15)","decl":{"start":{"line":114,"column":28},"end":{"line":114,"column":29}},"loc":{"start":{"line":114,"column":34},"end":{"line":114,"column":36}},"line":114},"16":{"name":"(anonymous_16)","decl":{"start":{"line":128,"column":32},"end":{"line":128,"column":33}},"loc":{"start":{"line":128,"column":43},"end":{"line":131,"column":5}},"line":128}},"branchMap":{"0":{"loc":{"start":{"line":7,"column":2},"end":{"line":9,"column":3}},"type":"if","locations":[{"start":{"line":7,"column":2},"end":{"line":9,"column":3}},{"start":{},"end":{}}],"line":7},"1":{"loc":{"start":{"line":10,"column":2},"end":{"line":12,"column":3}},"type":"if","locations":[{"start":{"line":10,"column":2},"end":{"line":12,"column":3}},{"start":{},"end":{}}],"line":10},"2":{"loc":{"start":{"line":43,"column":44},"end":{"line":43,"column":69}},"type":"default-arg","locations":[{"start":{"line":43,"column":61},"end":{"line":43,"column":69}}],"line":43},"3":{"loc":{"start":{"line":69,"column":2},"end":{"line":69,"column":36}},"type":"default-arg","locations":[{"start":{"line":69,"column":28},"end":{"line":69,"column":36}}],"line":69},"4":{"loc":{"start":{"line":74,"column":2},"end":{"line":78,"column":3}},"type":"if","locations":[{"start":{"line":74,"column":2},"end":{"line":78,"column":3}},{"start":{"line":76,"column":9},"end":{"line":78,"column":3}}],"line":74},"5":{"loc":{"start":{"line":86,"column":2},"end":{"line":90,"column":3}},"type":"if","locations":[{"start":{"line":86,"column":2},"end":{"line":90,"column":3}},{"start":{"line":88,"column":9},"end":{"line":90,"column":3}}],"line":86},"6":{"loc":{"start":{"line":113,"column":2},"end":{"line":113,"column":18}},"type":"default-arg","locations":[{"start":{"line":113,"column":17},"end":{"line":113,"column":18}}],"line":113},"7":{"loc":{"start":{"line":114,"column":2},"end":{"line":114,"column":36}},"type":"default-arg","locations":[{"start":{"line":114,"column":28},"end":{"line":114,"column":36}}],"line":114},"8":{"loc":{"start":{"line":132,"column":4},"end":{"line":137,"column":5}},"type":"if","locations":[{"start":{"line":132,"column":4},"end":{"line":137,"column":5}},{"start":{},"end":{}}],"line":132}},"s":{"0":1,"1":1,"2":0,"3":1,"4":0,"5":1,"6":2,"7":2,"8":2,"9":2,"10":1,"11":1,"12":1,"13":1,"14":1,"15":1,"16":1,"17":1,"18":1,"19":1,"20":1,"21":1,"22":1,"23":1,"24":1,"25":1,"26":1,"27":1,"28":1,"29":2,"30":2,"31":2,"32":2,"33":6,"34":6,"35":6,"36":6,"37":6,"38":6,"39":6,"40":6,"41":6,"42":0,"43":0,"44":0,"45":0,"46":2,"47":1,"48":1,"49":1,"50":1,"51":0,"52":1,"53":0,"54":0,"55":0,"56":0,"57":1,"58":0,"59":1,"60":1,"61":0,"62":0,"63":0,"64":0,"65":0,"66":2,"67":1,"68":1,"69":2,"70":1,"71":2,"72":1,"73":1,"74":1,"75":1,"76":1,"77":1,"78":2,"79":2,"80":2,"81":2,"82":2,"83":2,"84":2,"85":2,"86":0,"87":0,"88":2,"89":1,"90":1,"91":1,"92":1,"93":2,"94":2},"f":{"0":1,"1":2,"2":1,"3":2,"4":0,"5":6,"6":0,"7":0,"8":1,"9":0,"10":0,"11":0,"12":1,"13":1,"14":1,"15":0,"16":0},"b":{"0":[0,1],"1":[0,1],"2":[2],"3":[0],"4":[1,0],"5":[0,1],"6":[1],"7":[1],"8":[1,1]},"_coverageSchema":"1a1c01bbd47fc00a2c39e90264f33305004495a9","hash":"c8cf78d74121fd19059c7faa57b6625f3534cebc"}
}
