TN:
SF:modules\api\api.js
FN:1,fetchPokemon
FN:10,fetchPagina
FNF:2
FNH:2
FNDA:1,fetchPokemon
FNDA:2,fetchPagina
DA:2,1
DA:3,1
DA:4,1
DA:5,1
DA:7,0
DA:11,2
DA:12,2
DA:14,1
DA:17,1
DA:18,1
DA:20,1
DA:21,1
DA:22,1
DA:23,1
DA:25,0
LF:15
LH:13
BRDA:12,0,0,1
BRDA:12,0,1,1
BRF:2
BRH:2
end_of_record
TN:
SF:modules\clases\pokemon.js
FN:13,(anonymous_0)
FN:36,construirPokemon
FNF:2
FNH:2
FNDA:1,(anonymous_0)
FNDA:1,construirPokemon
DA:24,1
DA:25,1
DA:26,1
DA:27,1
DA:28,1
DA:29,1
DA:30,1
DA:31,1
DA:32,1
DA:37,1
DA:48,1
LF:11
LH:11
BRDA:20,0,0,0
BRDA:21,1,0,0
BRDA:22,2,0,0
BRF:3
BRH:0
end_of_record
TN:
SF:modules\servicios\servicios.js
FN:4,buscarPagina
FNF:1
FNH:0
FNDA:0,buscarPagina
DA:5,0
DA:6,0
DA:8,0
DA:9,0
DA:10,0
DA:11,0
DA:12,0
DA:14,0
DA:16,0
DA:18,0
DA:19,0
LF:11
LH:0
BRDA:5,0,0,0
BRDA:5,0,1,0
BRDA:10,1,0,0
BRDA:10,1,1,0
BRF:4
BRH:0
end_of_record
TN:
SF:modules\storage\storage.js
FN:1,guardarPaginaEnLocalStorage
FN:6,buscarEnLocalStorage
FNF:2
FNH:2
FNDA:1,guardarPaginaEnLocalStorage
FNDA:1,buscarEnLocalStorage
DA:2,1
DA:3,1
DA:7,1
DA:8,1
DA:9,1
LF:5
LH:5
BRF:0
BRH:0
end_of_record
TN:
SF:modules\ui\ui.js
FN:5,mostarMovimientos
FN:7,(anonymous_1)
FN:16,(anonymous_2)
FN:18,(anonymous_3)
FN:27,(anonymous_4)
FN:29,(anonymous_5)
FN:38,mostrarFoto
FN:50,(anonymous_7)
FN:54,(anonymous_8)
FN:76,mostrarDetallesPoekmon
FN:78,(anonymous_10)
FN:84,(anonymous_11)
FN:88,(anonymous_12)
FN:97,(anonymous_13)
FN:103,(anonymous_14)
FN:106,(anonymous_15)
FN:117,(anonymous_16)
FN:128,(anonymous_17)
FN:138,(anonymous_18)
FN:143,(anonymous_19)
FN:147,(anonymous_20)
FN:151,(anonymous_21)
FN:165,(anonymous_22)
FNF:23
FNH:6
FNDA:0,mostarMovimientos
FNDA:0,(anonymous_1)
FNDA:0,(anonymous_2)
FNDA:0,(anonymous_3)
FNDA:0,(anonymous_4)
FNDA:0,(anonymous_5)
FNDA:0,mostrarFoto
FNDA:0,(anonymous_7)
FNDA:0,(anonymous_8)
FNDA:0,mostrarDetallesPoekmon
FNDA:0,(anonymous_10)
FNDA:2,(anonymous_11)
FNDA:6,(anonymous_12)
FNDA:0,(anonymous_13)
FNDA:1,(anonymous_14)
FNDA:0,(anonymous_15)
FNDA:0,(anonymous_16)
FNDA:0,(anonymous_17)
FNDA:1,(anonymous_18)
FNDA:1,(anonymous_19)
FNDA:1,(anonymous_20)
FNDA:0,(anonymous_21)
FNDA:0,(anonymous_22)
DA:6,0
DA:7,0
DA:8,0
DA:10,0
DA:11,0
DA:13,0
DA:16,1
DA:17,0
DA:18,0
DA:19,0
DA:21,0
DA:22,0
DA:24,0
DA:27,1
DA:28,0
DA:29,0
DA:30,0
DA:32,0
DA:33,0
DA:35,0
DA:39,0
DA:40,0
DA:41,0
DA:43,0
DA:44,0
DA:47,0
DA:50,1
DA:51,0
DA:52,0
DA:54,1
DA:55,0
DA:56,0
DA:57,0
DA:58,0
DA:59,0
DA:60,0
DA:61,0
DA:62,0
DA:63,0
DA:64,0
DA:65,0
DA:66,0
DA:67,0
DA:68,0
DA:69,0
DA:70,0
DA:71,0
DA:72,0
DA:73,0
DA:77,0
DA:78,0
DA:79,0
DA:80,0
DA:84,1
DA:85,2
DA:86,2
DA:88,2
DA:89,6
DA:90,6
DA:91,6
DA:92,6
DA:93,6
DA:94,6
DA:95,6
DA:96,6
DA:97,6
DA:98,0
DA:103,1
DA:108,1
DA:109,1
DA:111,1
DA:112,1
DA:114,0
DA:117,1
DA:118,0
DA:119,0
DA:120,0
DA:121,0
DA:123,1
DA:124,0
DA:126,1
DA:128,1
DA:129,0
DA:130,0
DA:131,0
DA:132,0
DA:134,0
DA:138,1
DA:139,1
DA:140,1
DA:143,1
DA:144,1
DA:147,1
DA:153,1
DA:154,1
DA:155,1
DA:156,1
DA:157,1
DA:158,2
DA:159,2
DA:160,2
DA:161,2
DA:162,2
DA:163,2
DA:164,2
DA:165,2
DA:166,0
DA:167,0
DA:169,2
DA:170,1
DA:171,1
DA:172,1
DA:173,1
DA:175,2
DA:176,2
LF:115
LH:52
BRDA:10,0,0,0
BRDA:10,0,1,0
BRDA:21,1,0,0
BRDA:21,1,1,0
BRDA:32,2,0,0
BRDA:32,2,1,0
BRDA:40,3,0,0
BRDA:40,3,1,0
BRDA:43,4,0,0
BRDA:43,4,1,0
BRDA:106,5,0,0
BRDA:111,6,0,1
BRDA:111,6,1,0
BRDA:123,7,0,0
BRDA:123,7,1,1
BRDA:150,8,0,1
BRDA:151,9,0,1
BRDA:169,10,0,1
BRDA:169,10,1,1
BRF:19
BRH:6
end_of_record
